{
  "0 debug pnpm:scope": {
    "selected": 1
  },
  "1 error pnpm": {
    "errno": 1,
    "code": "ELIFECYCLE",
    "pkgid": "tdd-nodejs@1.0.0",
    "stage": "dev",
    "script": "nodemon src/index.ts",
    "pkgname": "tdd-nodejs",
    "err": {
      "name": "pnpm",
      "message": "tdd-nodejs@1.0.0 dev: `nodemon src/index.ts`\nExit status 1",
      "code": "ELIFECYCLE",
      "stack": "pnpm: tdd-nodejs@1.0.0 dev: `nodemon src/index.ts`\nExit status 1\n    at EventEmitter.<anonymous> (C:\\Users\\Cedric\\AppData\\Roaming\\npm\\node_modules\\pnpm\\dist\\pnpm.cjs:105378:20)\n    at EventEmitter.emit (node:events:390:28)\n    at ChildProcess.<anonymous> (C:\\Users\\Cedric\\AppData\\Roaming\\npm\\node_modules\\pnpm\\dist\\pnpm.cjs:91965:18)\n    at ChildProcess.emit (node:events:390:28)\n    at maybeClose (node:internal/child_process:1064:16)\n    at Process.ChildProcess._handle.onexit (node:internal/child_process:301:5)"
    }
  },
  "2 warn pnpm:global": " Local package.json exists, but node_modules missing, did you mean to install?"
}